{
  "RSpec": {
    "coverage": {
      "/home/lawliet/Coding/Projects/bcrypt-practice/spec/features/auth_pages_spec.rb": [
        1,
        null,
        1,
        1,
        1,
        1,
        1,
        1,
        1,
        1,
        null,
        null,
        1,
        1,
        1,
        1,
        1,
        1,
        1,
        null,
        null,
        1,
        1,
        1,
        1,
        1,
        1,
        1,
        1,
        null,
        null,
        null
      ],
      "/home/lawliet/Coding/Projects/bcrypt-practice/spec/rails_helper.rb": [
        null,
        1,
        1,
        null,
        1,
        1,
        1,
        1,
        null,
        null,
        null,
        null,
        null,
        null,
        null,
        null,
        null,
        null,
        null,
        null,
        null,
        null,
        null,
        null,
        null,
        null,
        null,
        1,
        null,
        1,
        null,
        1,
        null,
        null,
        null,
        null,
        1,
        null,
        null,
        null,
        null,
        null,
        null,
        null,
        null,
        null,
        null,
        null,
        null,
        null,
        null,
        1,
        null,
        null,
        1,
        null,
        null,
        null,
        null,
        1,
        1,
        1,
        1,
        null,
        null
      ],
      "/home/lawliet/Coding/Projects/bcrypt-practice/config/environment.rb": [
        null,
        1,
        null,
        null,
        1
      ],
      "/home/lawliet/Coding/Projects/bcrypt-practice/config/application.rb": [
        1,
        null,
        1,
        null,
        1,
        1,
        1,
        1,
        1,
        1,
        1,
        1,
        null,
        null,
        null,
        null,
        1,
        null,
        1,
        1,
        null,
        null,
        null,
        null,
        null
      ],
      "/home/lawliet/Coding/Projects/bcrypt-practice/config/boot.rb": [
        1,
        null,
        1
      ],
      "/home/lawliet/Coding/Projects/bcrypt-practice/config/environments/test.rb": [
        1,
        null,
        1,
        1,
        1,
        1,
        null,
        null,
        1,
        1,
        1,
        1,
        1,
        1,
        1,
        null
      ],
      "/home/lawliet/Coding/Projects/bcrypt-practice/config/initializers/application_controller_renderer.rb": [
        null,
        null,
        null,
        null,
        null,
        null
      ],
      "/home/lawliet/Coding/Projects/bcrypt-practice/config/initializers/assets.rb": [
        null,
        null,
        null,
        1,
        null,
        null,
        null,
        null,
        null,
        null,
        null
      ],
      "/home/lawliet/Coding/Projects/bcrypt-practice/config/initializers/backtrace_silencers.rb": [
        null,
        null,
        null,
        null,
        null,
        null,
        null
      ],
      "/home/lawliet/Coding/Projects/bcrypt-practice/config/initializers/cookies_serializer.rb": [
        null,
        null,
        null,
        null,
        1
      ],
      "/home/lawliet/Coding/Projects/bcrypt-practice/config/initializers/filter_parameter_logging.rb": [
        null,
        null,
        null,
        1
      ],
      "/home/lawliet/Coding/Projects/bcrypt-practice/config/initializers/inflections.rb": [
        null,
        null,
        null,
        null,
        null,
        null,
        null,
        null,
        null,
        null,
        null,
        null,
        null,
        null,
        null,
        null
      ],
      "/home/lawliet/Coding/Projects/bcrypt-practice/config/initializers/mime_types.rb": [
        null,
        null,
        null,
        null
      ],
      "/home/lawliet/Coding/Projects/bcrypt-practice/config/initializers/new_framework_defaults.rb": [
        null,
        null,
        null,
        null,
        null,
        null,
        null,
        1,
        null,
        null,
        1,
        null,
        null,
        null,
        1,
        null,
        null,
        1,
        null,
        null,
        1,
        null,
        null,
        1
      ],
      "/home/lawliet/Coding/Projects/bcrypt-practice/config/initializers/session_store.rb": [
        null,
        null,
        1
      ],
      "/home/lawliet/Coding/Projects/bcrypt-practice/config/initializers/wrap_parameters.rb": [
        null,
        null,
        null,
        null,
        null,
        null,
        1,
        2,
        null,
        null,
        null,
        null,
        null,
        null
      ],
      "/home/lawliet/Coding/Projects/bcrypt-practice/app/channels/application_cable/channel.rb": [
        1,
        1,
        null,
        null
      ],
      "/home/lawliet/Coding/Projects/bcrypt-practice/app/channels/application_cable/connection.rb": [
        1,
        1,
        null,
        null
      ],
      "/home/lawliet/Coding/Projects/bcrypt-practice/app/controllers/application_controller.rb": [
        1,
        1,
        1,
        null,
        1,
        12,
        null,
        null,
        null
      ],
      "/home/lawliet/Coding/Projects/bcrypt-practice/app/helpers/application_helper.rb": [
        1,
        null
      ],
      "/home/lawliet/Coding/Projects/bcrypt-practice/app/controllers/home_controller.rb": [
        1,
        1,
        null,
        null,
        null
      ],
      "/home/lawliet/Coding/Projects/bcrypt-practice/app/controllers/sessions_controller.rb": [
        1,
        1,
        3,
        3,
        1,
        1,
        1,
        null,
        2,
        2,
        null,
        null,
        null,
        1,
        1,
        1,
        1,
        null,
        null
      ],
      "/home/lawliet/Coding/Projects/bcrypt-practice/app/controllers/users_controller.rb": [
        1,
        1,
        2,
        2,
        1,
        1,
        null,
        1,
        1,
        null,
        null,
        null,
        1,
        1,
        2,
        null,
        null
      ],
      "/home/lawliet/Coding/Projects/bcrypt-practice/app/jobs/application_job.rb": [
        1,
        null
      ],
      "/home/lawliet/Coding/Projects/bcrypt-practice/app/mailers/application_mailer.rb": [
        1,
        1,
        1,
        null
      ],
      "/home/lawliet/Coding/Projects/bcrypt-practice/app/models/application_record.rb": [
        1,
        1,
        null
      ],
      "/home/lawliet/Coding/Projects/bcrypt-practice/app/models/user.rb": [
        1,
        null,
        1,
        1,
        1,
        1,
        1,
        null,
        1,
        6,
        6,
        6,
        null,
        null,
        1,
        3,
        3,
        1,
        null,
        null,
        null,
        null,
        null,
        null
      ],
      "/home/lawliet/Coding/Projects/bcrypt-practice/spec/factories.rb": [
        1,
        1,
        1,
        1,
        null,
        null
      ],
      "/home/lawliet/Coding/Projects/bcrypt-practice/config/routes.rb": [
        1,
        1,
        1,
        null,
        1,
        null,
        1,
        null,
        1,
        null
      ],
      "/home/lawliet/Coding/Projects/bcrypt-practice/spec/features/registration_pages_spec.rb": [
        1,
        null,
        1,
        1,
        1,
        1,
        1,
        1,
        1,
        1,
        null,
        null,
        1,
        1,
        1,
        1,
        1,
        1,
        1,
        null,
        null,
        null
      ],
      "/home/lawliet/Coding/Projects/bcrypt-practice/spec/models/user_spec.rb": [
        1,
        null,
        1,
        1,
        1,
        1,
        null,
        null,
        1,
        1,
        1,
        null,
        null,
        null,
        null
      ]
    },
    "timestamp": 1487132927
  }
}
